<?xml version="1.0" encoding="UTF-8"?>
<!-- Generated by org.testng.reporters.JUnitReportReporter -->
<testsuite skipped="0" hostname="BNGLT-9V9P882" name="com.qa.Testcases.HomePageTest" tests="2" failures="0" timestamp="01 Apr 2019 11:11:45 GMT" time="7.050" errors="0">
  <testcase name="verifyHomePageTitleTest" time="0.071" classname="com.qa.Testcases.HomePageTest"/>
  <testcase name="LoginTest" time="6.979" classname="com.qa.Testcases.HomePageTest"/>
</testsuite> <!-- com.qa.Testcases.HomePageTest -->
